[8/14/12 2:35 PM]: 	at java.io.FileInputStream.open(Native Method)
[8/14/12 2:35 PM]: 	at java.io.FileInputStream.<init>(FileInputStream.java:120)
[8/14/12 2:35 PM]: 	at java.io.FileInputStream.<init>(FileInputStream.java:79)
[8/14/12 2:35 PM]: 	at com.rs2.model.npcs.drop.NpcDropController.init(NpcDropController.java:28)
[8/14/12 2:35 PM]: 	at com.rs2.util.XStreamUtil.loadAllFiles(XStreamUtil.java:55)
[8/14/12 2:35 PM]: 	at com.rs2.Server.run(Server.java:126)
[8/14/12 2:35 PM]: 	at java.lang.Thread.run(Thread.java:662)
[8/14/12 2:36 PM]: 	at java.io.FileInputStream.open(Native Method)
[8/14/12 2:36 PM]: 	at java.io.FileInputStream.<init>(FileInputStream.java:120)
[8/14/12 2:36 PM]: 	at java.io.FileInputStream.<init>(FileInputStream.java:79)
[8/14/12 2:36 PM]: 	at com.rs2.model.npcs.drop.NpcDropController.init(NpcDropController.java:28)
[8/14/12 2:36 PM]: 	at com.rs2.util.XStreamUtil.loadAllFiles(XStreamUtil.java:55)
[8/14/12 2:36 PM]: 	at com.rs2.Server.run(Server.java:126)
[8/14/12 2:36 PM]: 	at java.lang.Thread.run(Thread.java:662)
[8/14/12 2:36 PM]: 	at java.io.FileInputStream.open(Native Method)
[8/14/12 2:36 PM]: 	at java.io.FileInputStream.<init>(FileInputStream.java:120)
[8/14/12 2:36 PM]: 	at java.io.FileInputStream.<init>(FileInputStream.java:79)
[8/14/12 2:36 PM]: 	at com.rs2.model.npcs.drop.NpcDropController.init(NpcDropController.java:28)
[8/14/12 2:36 PM]: 	at com.rs2.util.XStreamUtil.loadAllFiles(XStreamUtil.java:55)
[8/14/12 2:36 PM]: 	at com.rs2.Server.run(Server.java:126)
[8/14/12 2:36 PM]: 	at java.lang.Thread.run(Thread.java:662)
